<testsuite name="Mocha Tests" tests="1" failures="0" errors="0" skipped="0" timestamp="Sat, 25 Jun 2016 15:13:45 GMT" time="0.004">
<testcase classname="byee" name="should return adios mundo" time="0.001"/>
</testsuite>
